<?xml version="1.0" encoding="UTF-8"?>
<!-- Generated by org.testng.reporters.JUnitXMLReporter -->
<testsuite ignored="3" hostname="DESKTOP-TNMV2Q3" failures="0" tests="1" name="Default test" time="22.778" errors="0" timestamp="2024-09-01T22:34:16 IST">
  <testcase classname="scenario2Test.AdminPageTest" name="getAllMenu" time="1.045"/>
  <testcase classname="scenario2Test.AdminPageTest" name="VerifySearchWithUsername" time="0.0">
    <ignored/>
  </testcase> <!-- VerifySearchWithUsername -->
  <testcase classname="scenario2Test.AdminPageTest" name="VerifySerchWithUserRole" time="0.0">
    <ignored/>
  </testcase> <!-- VerifySerchWithUserRole -->
  <testcase classname="scenario2Test.AdminPageTest" name="VerifySerchWithUserStatus" time="0.0">
    <ignored/>
  </testcase> <!-- VerifySerchWithUserStatus -->
</testsuite> <!-- Default test -->
