<?xml version="1.0" encoding="UTF-8"?>
<!-- Generated by org.testng.reporters.JUnitXMLReporter -->
<testsuite ignored="0" hostname="DESKTOP-TNMV2Q3" failures="0" tests="3" name="Default test" time="16.22" errors="0" timestamp="2024-09-01T22:26:29 IST">
  <testcase classname="scenario2Test.LoginPageTest" name="verifyTitle" time="0.028"/>
  <testcase classname="scenario2Test.LoginPageTest" name="verifyLogin" time="0.723"/>
  <testcase classname="scenario2Test.LoginPageTest" name="verifyCurrentUrl" time="1.164"/>
</testsuite> <!-- Default test -->
