<?xml version="1.0" encoding="UTF-8"?>
<testng-results ignored="0" total="3" passed="3" failed="0" skipped="0">
  <reporter-output>
    <line>
      <![CDATA[Title match!]]>
    </line>
    <line>
      <![CDATA[Title is: https://opensource-demo.orangehrmlive.com/web/index.php/dashboard/index]]>
    </line>
  </reporter-output>
  <suite started-at="2024-09-01T22:26:13 IST" name="Default suite" finished-at="2024-09-01T22:26:29 IST" duration-ms="16220">
    <groups>
    </groups>
    <test started-at="2024-09-01T22:26:13 IST" name="Default test" finished-at="2024-09-01T22:26:29 IST" duration-ms="16220">
      <class name="scenario2Test.LoginPageTest">
        <test-method is-config="true" signature="setUp()[pri:0, instance:scenario2Test.LoginPageTest@7a35b0f5]" started-at="2024-09-01T22:26:13 IST" name="setUp" finished-at="2024-09-01T22:26:22 IST" duration-ms="8973" status="PASS">
          <reporter-output>
          </reporter-output>
        </test-method> <!-- setUp -->
        <test-method signature="verifyTitle()[pri:1, instance:scenario2Test.LoginPageTest@7a35b0f5]" started-at="2024-09-01T22:26:22 IST" name="verifyTitle" finished-at="2024-09-01T22:26:22 IST" duration-ms="28" status="PASS">
          <reporter-output>
            <line>
              <![CDATA[Title match!]]>
            </line>
          </reporter-output>
        </test-method> <!-- verifyTitle -->
        <test-method signature="verifyLogin()[pri:2, instance:scenario2Test.LoginPageTest@7a35b0f5]" started-at="2024-09-01T22:26:22 IST" name="verifyLogin" finished-at="2024-09-01T22:26:23 IST" duration-ms="723" status="PASS">
          <reporter-output>
          </reporter-output>
        </test-method> <!-- verifyLogin -->
        <test-method signature="verifyCurrentUrl()[pri:3, instance:scenario2Test.LoginPageTest@7a35b0f5]" started-at="2024-09-01T22:26:23 IST" name="verifyCurrentUrl" finished-at="2024-09-01T22:26:24 IST" duration-ms="1164" status="PASS">
          <reporter-output>
            <line>
              <![CDATA[Title is: https://opensource-demo.orangehrmlive.com/web/index.php/dashboard/index]]>
            </line>
          </reporter-output>
        </test-method> <!-- verifyCurrentUrl -->
        <test-method is-config="true" signature="tearDown()[pri:0, instance:scenario2Test.LoginPageTest@7a35b0f5]" started-at="2024-09-01T22:26:24 IST" name="tearDown" finished-at="2024-09-01T22:26:29 IST" duration-ms="5253" status="PASS">
          <reporter-output>
          </reporter-output>
        </test-method> <!-- tearDown -->
      </class> <!-- scenario2Test.LoginPageTest -->
    </test> <!-- Default test -->
  </suite> <!-- Default suite -->
</testng-results>
