<?xml version="1.0" encoding="UTF-8"?>
<testng-results ignored="3" total="4" passed="1" failed="0" skipped="0">
  <reporter-output>
    <line>
      <![CDATA[allElements are: [[[ChromeDriver: chrome on windows (ccbd15d90fc71ab7f0cee1d775522a40)] -> xpath: //ul[@class='oxd-main-menu']//li//span], [[ChromeDriver: chrome on windows (ccbd15d90fc71ab7f0cee1d775522a40)] -> xpath: //ul[@class='oxd-main-menu']//li//span], [[ChromeDriver: chrome on windows (ccbd15d90fc71ab7f0cee1d775522a40)] -> xpath: //ul[@class='oxd-main-menu']//li//span], [[ChromeDriver: chrome on windows (ccbd15d90fc71ab7f0cee1d775522a40)] -> xpath: //ul[@class='oxd-main-menu']//li//span], [[ChromeDriver: chrome on windows (ccbd15d90fc71ab7f0cee1d775522a40)] -> xpath: //ul[@class='oxd-main-menu']//li//span], [[ChromeDriver: chrome on windows (ccbd15d90fc71ab7f0cee1d775522a40)] -> xpath: //ul[@class='oxd-main-menu']//li//span], [[ChromeDriver: chrome on windows (ccbd15d90fc71ab7f0cee1d775522a40)] -> xpath: //ul[@class='oxd-main-menu']//li//span], [[ChromeDriver: chrome on windows (ccbd15d90fc71ab7f0cee1d775522a40)] -> xpath: //ul[@class='oxd-main-menu']//li//span], [[ChromeDriver: chrome on windows (ccbd15d90fc71ab7f0cee1d775522a40)] -> xpath: //ul[@class='oxd-main-menu']//li//span], [[ChromeDriver: chrome on windows (ccbd15d90fc71ab7f0cee1d775522a40)] -> xpath: //ul[@class='oxd-main-menu']//li//span], [[ChromeDriver: chrome on windows (ccbd15d90fc71ab7f0cee1d775522a40)] -> xpath: //ul[@class='oxd-main-menu']//li//span], [[ChromeDriver: chrome on windows (ccbd15d90fc71ab7f0cee1d775522a40)] -> xpath: //ul[@class='oxd-main-menu']//li//span]]]]>
    </line>
    <line>
      <![CDATA[Total menu options are: 12]]>
    </line>
    <line>
      <![CDATA[Admin]]>
    </line>
    <line>
      <![CDATA[PIM]]>
    </line>
    <line>
      <![CDATA[Leave]]>
    </line>
    <line>
      <![CDATA[Time]]>
    </line>
    <line>
      <![CDATA[Recruitment]]>
    </line>
    <line>
      <![CDATA[My Info]]>
    </line>
    <line>
      <![CDATA[Performance]]>
    </line>
    <line>
      <![CDATA[Dashboard]]>
    </line>
    <line>
      <![CDATA[Directory]]>
    </line>
    <line>
      <![CDATA[Maintenance]]>
    </line>
    <line>
      <![CDATA[Claim]]>
    </line>
    <line>
      <![CDATA[Buzz]]>
    </line>
  </reporter-output>
  <suite started-at="2024-09-01T21:53:10 IST" name="Default suite" finished-at="2024-09-01T21:53:26 IST" duration-ms="15354">
    <groups>
    </groups>
    <test started-at="2024-09-01T21:53:10 IST" name="Default test" finished-at="2024-09-01T21:53:26 IST" duration-ms="15354">
      <class name="scenario2Test.AdminPageTest">
        <test-method is-config="true" signature="setUp()[pri:0, instance:scenario2Test.AdminPageTest@33bc72d1]" started-at="2024-09-01T21:53:10 IST" name="setUp" finished-at="2024-09-01T21:53:17 IST" duration-ms="6458" status="PASS">
          <reporter-output>
          </reporter-output>
        </test-method> <!-- setUp -->
        <test-method is-config="true" signature="pageSetup()[pri:0, instance:scenario2Test.AdminPageTest@33bc72d1]" started-at="2024-09-01T21:53:17 IST" name="pageSetup" finished-at="2024-09-01T21:53:18 IST" duration-ms="1816" status="PASS">
          <reporter-output>
          </reporter-output>
        </test-method> <!-- pageSetup -->
        <test-method signature="getAllMenu()[pri:1, instance:scenario2Test.AdminPageTest@33bc72d1]" started-at="2024-09-01T21:53:19 IST" name="getAllMenu" finished-at="2024-09-01T21:53:20 IST" duration-ms="1778" status="PASS">
          <reporter-output>
            <line>
              <![CDATA[allElements are: [[[ChromeDriver: chrome on windows (ccbd15d90fc71ab7f0cee1d775522a40)] -> xpath: //ul[@class='oxd-main-menu']//li//span], [[ChromeDriver: chrome on windows (ccbd15d90fc71ab7f0cee1d775522a40)] -> xpath: //ul[@class='oxd-main-menu']//li//span], [[ChromeDriver: chrome on windows (ccbd15d90fc71ab7f0cee1d775522a40)] -> xpath: //ul[@class='oxd-main-menu']//li//span], [[ChromeDriver: chrome on windows (ccbd15d90fc71ab7f0cee1d775522a40)] -> xpath: //ul[@class='oxd-main-menu']//li//span], [[ChromeDriver: chrome on windows (ccbd15d90fc71ab7f0cee1d775522a40)] -> xpath: //ul[@class='oxd-main-menu']//li//span], [[ChromeDriver: chrome on windows (ccbd15d90fc71ab7f0cee1d775522a40)] -> xpath: //ul[@class='oxd-main-menu']//li//span], [[ChromeDriver: chrome on windows (ccbd15d90fc71ab7f0cee1d775522a40)] -> xpath: //ul[@class='oxd-main-menu']//li//span], [[ChromeDriver: chrome on windows (ccbd15d90fc71ab7f0cee1d775522a40)] -> xpath: //ul[@class='oxd-main-menu']//li//span], [[ChromeDriver: chrome on windows (ccbd15d90fc71ab7f0cee1d775522a40)] -> xpath: //ul[@class='oxd-main-menu']//li//span], [[ChromeDriver: chrome on windows (ccbd15d90fc71ab7f0cee1d775522a40)] -> xpath: //ul[@class='oxd-main-menu']//li//span], [[ChromeDriver: chrome on windows (ccbd15d90fc71ab7f0cee1d775522a40)] -> xpath: //ul[@class='oxd-main-menu']//li//span], [[ChromeDriver: chrome on windows (ccbd15d90fc71ab7f0cee1d775522a40)] -> xpath: //ul[@class='oxd-main-menu']//li//span]]]]>
            </line>
            <line>
              <![CDATA[Total menu options are: 12]]>
            </line>
            <line>
              <![CDATA[Admin]]>
            </line>
            <line>
              <![CDATA[PIM]]>
            </line>
            <line>
              <![CDATA[Leave]]>
            </line>
            <line>
              <![CDATA[Time]]>
            </line>
            <line>
              <![CDATA[Recruitment]]>
            </line>
            <line>
              <![CDATA[My Info]]>
            </line>
            <line>
              <![CDATA[Performance]]>
            </line>
            <line>
              <![CDATA[Dashboard]]>
            </line>
            <line>
              <![CDATA[Directory]]>
            </line>
            <line>
              <![CDATA[Maintenance]]>
            </line>
            <line>
              <![CDATA[Claim]]>
            </line>
            <line>
              <![CDATA[Buzz]]>
            </line>
          </reporter-output>
        </test-method> <!-- getAllMenu -->
        <test-method is-config="true" signature="tearDown()[pri:0, instance:scenario2Test.AdminPageTest@33bc72d1]" started-at="2024-09-01T21:53:20 IST" name="tearDown" finished-at="2024-09-01T21:53:26 IST" duration-ms="5244" status="PASS">
          <reporter-output>
          </reporter-output>
        </test-method> <!-- tearDown -->
      </class> <!-- scenario2Test.AdminPageTest -->
    </test> <!-- Default test -->
  </suite> <!-- Default suite -->
</testng-results>
